build/intermediates/manifest_merge_blame_file/phoneDebug/manifest-merger-blame-phone-debug-report.txt
1<?xml version="1.0" encoding="utf-8"?>
2<manifest xmlns:android="http://schemas.android.com/apk/res/android"
3    package="group11.bluebird"
4    android:versionName="TfPu_release_13_0-2023_12_01_1728" >
5    <!--
6 Strings with the format ${foo}, such as ${applicationId}, are called
7  placeholders, and they get replaced by the build system with the appropriate
8  value when a build executes.
9    -->
10    <uses-sdk
11        android:minSdkVersion="26"
11-->src\main\AndroidManifest.xml
12        android:targetSdkVersion="33" />
12-->src\main\AndroidManifest.xml
13
14    <!--
15    Strings with the format ${foo}, such as ${applicationId}, are called
16    placeholders, and they get replaced by the build system with the appropriate
17    value when a build executes.
18    -->
19    <!--
20    The <queries> element allows us to ask the package manager about
21    the installation status of external components we are interested in. This
22    policy change was introduced in Android 11.
23    -->
24    <queries>
24-->[:talkback] AndroidManifest.xml:20:5-27:15
25        <intent>
25-->[:talkback] AndroidManifest.xml:21:9-23:18
26            <action android:name="android.intent.action.TTS_SERVICE" />
26-->[:talkback] AndroidManifest.xml:22:13-72
26-->[:talkback] AndroidManifest.xml:22:21-69
27        </intent>
28        <intent>
28-->[:talkback] AndroidManifest.xml:24:9-26:18
29            <action android:name="android.speech.RecognitionService" />
29-->[:talkback] AndroidManifest.xml:25:13-72
29-->[:talkback] AndroidManifest.xml:25:21-69
30        </intent>
31    </queries> <!-- Used by voice commands. -->
32    <uses-feature
32-->[:talkback] AndroidManifest.xml:30:5-32:36
33        android:name="android.hardware.microphone"
33-->[:talkback] AndroidManifest.xml:31:9-51
34        android:required="false" />
34-->[:talkback] AndroidManifest.xml:32:9-33
35    <uses-feature
35-->[:talkback] AndroidManifest.xml:33:5-35:36
36        android:name="android.hardware.location"
36-->[:talkback] AndroidManifest.xml:34:9-49
37        android:required="false" /> <!-- Required for fingerprint gesture. -->
37-->[:talkback] AndroidManifest.xml:35:9-33
38    <uses-permission android:name="android.permission.USE_FINGERPRINT" /> <!-- Required to monitor phone busy state. -->
38-->[:talkback] AndroidManifest.xml:38:5-74
38-->[:talkback] AndroidManifest.xml:38:22-71
39    <uses-permission android:name="android.permission.READ_PHONE_STATE" /> <!-- Required for haptic feedback. -->
39-->[:talkback] AndroidManifest.xml:41:5-75
39-->[:talkback] AndroidManifest.xml:41:22-72
40    <uses-permission android:name="android.permission.VIBRATE" /> <!-- Required for keeping the screen awake during continuous reading and key filtering. -->
40-->[:talkback] AndroidManifest.xml:44:5-66
40-->[:talkback] AndroidManifest.xml:44:22-63
41    <uses-permission android:name="android.permission.WAKE_LOCK" /> <!-- Required for managing audio levels on GB. -->
41-->[:talkback] AndroidManifest.xml:47:5-68
41-->[:talkback] AndroidManifest.xml:47:22-65
42    <uses-permission android:name="android.permission.MODIFY_AUDIO_SETTINGS" /> <!-- Required for speech recognition and hearing user's audio -->
42-->[:talkback] AndroidManifest.xml:50:5-80
42-->[:talkback] AndroidManifest.xml:50:22-77
43    <uses-permission android:name="android.permission.RECORD_AUDIO" /> <!-- Required for App Enumeration -->
43-->[:talkback] AndroidManifest.xml:53:5-71
43-->[:talkback] AndroidManifest.xml:53:22-68
44    <uses-permission android:name="android.permission.QUERY_ALL_PACKAGES" /> <!-- Required for sending data to Google Analytics. -->
44-->[:talkback] AndroidManifest.xml:56:5-77
44-->[:talkback] AndroidManifest.xml:56:22-74
45    <uses-permission android:name="android.permission.INTERNET" />
45-->[:talkback] AndroidManifest.xml:59:5-67
45-->[:talkback] AndroidManifest.xml:59:22-64
46    <uses-permission android:name="android.permission.ACCESS_NETWORK_STATE" />
46-->[:talkback] AndroidManifest.xml:60:5-79
46-->[:talkback] AndroidManifest.xml:60:22-76
47    <uses-permission android:name="android.permission.RECEIVE_BOOT_COMPLETED" /> <!-- Required for calling Service.startForeground after API 28. -->
47-->[:talkback] AndroidManifest.xml:61:5-81
47-->[:talkback] AndroidManifest.xml:61:22-78
48    <uses-permission android:name="android.permission.FOREGROUND_SERVICE" /> <!-- Required for Primes. -->
48-->[:talkback] AndroidManifest.xml:64:5-77
48-->[:talkback] AndroidManifest.xml:64:22-74
49    <uses-permission android:name="android.permission.GET_PACKAGE_SIZE" /> <!-- Used to control Primes collection using Gservices flags -->
49-->[:talkback] AndroidManifest.xml:67:5-75
49-->[:talkback] AndroidManifest.xml:67:22-72
50    <uses-permission android:name="com.google.android.providers.gsf.permission.READ_GSERVICES" /> <!-- Hardware compatibility. -->
50-->[:talkback] AndroidManifest.xml:70:5-98
50-->[:talkback] AndroidManifest.xml:70:22-95
51    <uses-feature
51-->[:talkback] AndroidManifest.xml:73:5-75:36
52        android:name="android.hardware.touchscreen"
52-->[:talkback] AndroidManifest.xml:74:9-52
53        android:required="false" />
53-->[:talkback] AndroidManifest.xml:75:9-33
54    <uses-feature
54-->[:talkback] AndroidManifest.xml:76:5-78:36
55        android:name="android.hardware.sensor.accelerometer"
55-->[:talkback] AndroidManifest.xml:77:9-61
56        android:required="false" />
56-->[:talkback] AndroidManifest.xml:78:9-33
57
58    <permission
58-->[androidx.core:core:1.9.0] AndroidManifest.xml:22:5-24:47
59        android:name="group11.bluebird.DYNAMIC_RECEIVER_NOT_EXPORTED_PERMISSION"
59-->[androidx.core:core:1.9.0] AndroidManifest.xml:23:9-81
60        android:protectionLevel="signature" />
60-->[androidx.core:core:1.9.0] AndroidManifest.xml:24:9-44
61
62    <uses-permission android:name="group11.bluebird.DYNAMIC_RECEIVER_NOT_EXPORTED_PERMISSION" />
62-->[androidx.core:core:1.9.0] AndroidManifest.xml:26:5-97
62-->[androidx.core:core:1.9.0] AndroidManifest.xml:26:22-94
63
64    <application
64-->[:talkback] AndroidManifest.xml:80:5-241:19
65        android:appComponentFactory="androidx.core.app.CoreComponentFactory"
65-->[androidx.core:core:1.9.0] AndroidManifest.xml:28:18-86
66        android:debuggable="true"
67        android:extractNativeLibs="false"
68        android:supportsRtl="true" >
68-->[:talkback] AndroidManifest.xml:80:18-44
69        <receiver
69-->[:talkback] AndroidManifest.xml:81:9-91:20
70            android:name="com.google.android.accessibility.talkback.BootReceiver"
70-->[:talkback] AndroidManifest.xml:82:13-82
71            android:directBootAware="true"
71-->[:talkback] AndroidManifest.xml:83:13-43
72            android:exported="true" >
72-->[:talkback] AndroidManifest.xml:84:13-36
73            <intent-filter>
73-->[:talkback] AndroidManifest.xml:85:13-90:29
74                <action android:name="android.intent.action.LOCKED_BOOT_COMPLETED" />
74-->[:talkback] AndroidManifest.xml:86:17-86
74-->[:talkback] AndroidManifest.xml:86:25-83
75                <action android:name="android.intent.action.BOOT_COMPLETED" />
75-->[:talkback] AndroidManifest.xml:87:17-79
75-->[:talkback] AndroidManifest.xml:87:25-76
76
77                <category android:name="android.intent.category.DEFAULT" />
77-->[:talkback] AndroidManifest.xml:89:17-76
77-->[:talkback] AndroidManifest.xml:89:27-73
78            </intent-filter>
79        </receiver>
80
81        <!-- TalkBack -->
82        <service
82-->[:talkback] AndroidManifest.xml:94:9-113:19
83            android:name="com.google.android.marvin.talkback.TalkBackService"
83-->[:talkback] AndroidManifest.xml:95:13-78
84            android:directBootAware="true"
84-->[:talkback] AndroidManifest.xml:96:13-43
85            android:exported="true"
85-->[:talkback] AndroidManifest.xml:97:13-36
86            android:icon="@drawable/icon"
86-->[:talkback] AndroidManifest.xml:98:13-42
87            android:label="@string/talkback_title"
87-->[:talkback] AndroidManifest.xml:99:13-51
88            android:permission="android.permission.BIND_ACCESSIBILITY_SERVICE"
88-->[:talkback] AndroidManifest.xml:100:13-79
89            android:settingsActivity="com.android.talkback.TalkBackPreferencesActivity" >
89-->[:talkback] AndroidManifest.xml:101:13-88
90            <intent-filter>
90-->[:talkback] AndroidManifest.xml:102:13-108:29
91                <action android:name="android.accessibilityservice.AccessibilityService" />
91-->[:talkback] AndroidManifest.xml:103:17-92
91-->[:talkback] AndroidManifest.xml:103:25-89
92
93                <category android:name="android.accessibilityservice.category.FEEDBACK_AUDIBLE" />
93-->[:talkback] AndroidManifest.xml:105:17-99
93-->[:talkback] AndroidManifest.xml:105:27-96
94                <category android:name="android.accessibilityservice.category.FEEDBACK_HAPTIC" />
94-->[:talkback] AndroidManifest.xml:106:17-98
94-->[:talkback] AndroidManifest.xml:106:27-95
95                <category android:name="android.accessibilityservice.category.FEEDBACK_SPOKEN" />
95-->[:talkback] AndroidManifest.xml:107:17-98
95-->[:talkback] AndroidManifest.xml:107:27-95
96            </intent-filter>
97
98            <meta-data
98-->[:talkback] AndroidManifest.xml:110:13-112:64
99                android:name="android.accessibilityservice"
99-->[:talkback] AndroidManifest.xml:111:17-60
100                android:resource="@xml/accessibilityservice" />
100-->[:talkback] AndroidManifest.xml:112:17-61
101        </service>
102        <service
102-->[:talkback] AndroidManifest.xml:114:9-119:50
103            android:name="com.google.android.accessibility.talkback.ipc.IpcService"
103-->[:talkback] AndroidManifest.xml:115:13-84
104            android:enabled="true"
104-->[:talkback] AndroidManifest.xml:116:13-35
105            android:exported="false"
105-->[:talkback] AndroidManifest.xml:117:13-37
106            android:icon="@drawable/icon"
106-->[:talkback] AndroidManifest.xml:118:13-42
107            android:label="TalkBackIpcService" />
107-->[:talkback] AndroidManifest.xml:119:13-47
108
109        <!-- TalkBack Preferences -->
110        <activity
110-->[:talkback] AndroidManifest.xml:122:9-136:20
111            android:name="com.android.talkback.TalkBackPreferencesActivity"
111-->[:talkback] AndroidManifest.xml:123:13-76
112            android:configChanges="orientation|screenSize"
112-->[:talkback] AndroidManifest.xml:124:13-59
113            android:exported="true"
113-->[:talkback] AndroidManifest.xml:125:13-36
114            android:label="@string/talkback_preferences_title"
114-->[:talkback] AndroidManifest.xml:126:13-63
115            android:launchMode="singleTop"
115-->[:talkback] AndroidManifest.xml:127:13-43
116            android:taskAffinity="com.google.android.accessibility.talkback.SettingsAffinity"
116-->[:talkback] AndroidManifest.xml:128:13-94
117            android:theme="@style/TalkBackSettings" >
117-->[:talkback] AndroidManifest.xml:129:13-52
118            <intent-filter>
118-->[:talkback] AndroidManifest.xml:131:13-135:29
119                <action android:name="android.intent.action.MAIN" />
119-->[:talkback] AndroidManifest.xml:132:17-69
119-->[:talkback] AndroidManifest.xml:132:25-66
120
121                <category android:name="android.accessibilityservice.SERVICE_SETTINGS" />
121-->[:talkback] AndroidManifest.xml:134:17-90
121-->[:talkback] AndroidManifest.xml:134:27-87
122            </intent-filter>
123        </activity>
124
125        <!-- TalkBack permission request activity proxy -->
126        <activity
126-->[:talkback] AndroidManifest.xml:139:9-146:20
127            android:name="com.google.android.accessibility.talkback.permission.PermissionRequestActivity"
127-->[:talkback] AndroidManifest.xml:140:13-106
128            android:directBootAware="true"
128-->[:talkback] AndroidManifest.xml:141:13-43
129            android:excludeFromRecents="true"
129-->[:talkback] AndroidManifest.xml:142:13-46
130            android:exported="false"
130-->[:talkback] AndroidManifest.xml:143:13-37
131            android:noHistory="false"
131-->[:talkback] AndroidManifest.xml:144:13-38
132            android:theme="@style/BlankActivityTheme" >
132-->[:talkback] AndroidManifest.xml:145:13-54
133        </activity>
134
135        <!-- TalkBack training -->
136        <!-- To prevent slowdown of talkback event-handlers, arrange to run on a separate process. -->
137        <activity
137-->[:talkback] AndroidManifest.xml:150:9-160:20
138            android:name="com.google.android.accessibility.talkback.training.TrainingActivity"
138-->[:talkback] AndroidManifest.xml:151:13-95
139            android:configChanges="keyboardHidden|orientation|screenSize"
139-->[:talkback] AndroidManifest.xml:152:13-74
140            android:directBootAware="true"
140-->[:talkback] AndroidManifest.xml:153:13-43
141            android:exported="true"
141-->[:talkback] AndroidManifest.xml:154:13-36
142            android:launchMode="singleTop"
142-->[:talkback] AndroidManifest.xml:155:13-43
143            android:process=":Tutorial"
143-->[:talkback] AndroidManifest.xml:156:13-40
144            android:theme="@style/TrainingActivityTheme"
144-->[:talkback] AndroidManifest.xml:157:13-57
145            android:windowSoftInputMode="adjustResize" >
145-->[:talkback] AndroidManifest.xml:158:13-55
146        </activity>
147        <activity
147-->[:talkback] AndroidManifest.xml:161:9-167:20
148            android:name="com.google.android.accessibility.talkback.labeling.LabelImportActivity"
148-->[:talkback] AndroidManifest.xml:162:13-98
149            android:excludeFromRecents="true"
149-->[:talkback] AndroidManifest.xml:163:13-46
150            android:exported="true"
150-->[:talkback] AndroidManifest.xml:164:13-36
151            android:launchMode="singleInstance"
151-->[:talkback] AndroidManifest.xml:165:13-48
152            android:theme="@style/DialogStyle" >
152-->[:talkback] AndroidManifest.xml:166:13-47
153        </activity>
154
155        <!-- Custom Label Manager - Summary Activity -->
156        <activity
156-->[:talkback] AndroidManifest.xml:170:9-184:20
157            android:name="com.google.android.accessibility.talkback.labeling.LabelManagerSummaryActivity"
157-->[:talkback] AndroidManifest.xml:171:13-106
158            android:exported="false"
158-->[:talkback] AndroidManifest.xml:172:13-37
159            android:label="@string/label_manager_summary_title"
159-->[:talkback] AndroidManifest.xml:173:13-64
160            android:launchMode="singleTop"
160-->[:talkback] AndroidManifest.xml:174:13-43
161            android:taskAffinity="com.google.android.accessibility.talkback.SettingsAffinity"
161-->[:talkback] AndroidManifest.xml:175:13-94
162            android:theme="@style/TalkBackSettings" >
162-->[:talkback] AndroidManifest.xml:176:13-52
163
164            <!-- This preference activity can receive an implicit intent action -->
165            <intent-filter>
165-->[:talkback] AndroidManifest.xml:179:13-183:29
166                <action android:name=".labeling.TalkBackSelectorPreferencesActivity" />
167
168                <category android:name="android.intent.category.DEFAULT" />
168-->[:talkback] AndroidManifest.xml:89:17-76
168-->[:talkback] AndroidManifest.xml:89:27-73
169            </intent-filter>
170        </activity>
171
172        <!-- Custom Label Manager - Package Activity -->
173        <activity
173-->[:talkback] AndroidManifest.xml:187:9-193:55
174            android:name="com.google.android.accessibility.talkback.labeling.LabelManagerPackageActivity"
174-->[:talkback] AndroidManifest.xml:188:13-106
175            android:exported="false"
175-->[:talkback] AndroidManifest.xml:189:13-37
176            android:label="@string/manage_label"
176-->[:talkback] AndroidManifest.xml:190:13-49
177            android:launchMode="singleTop"
177-->[:talkback] AndroidManifest.xml:191:13-43
178            android:taskAffinity="com.google.android.accessibility.talkback.SettingsAffinity"
178-->[:talkback] AndroidManifest.xml:192:13-94
179            android:theme="@style/TalkBackSettings" />
179-->[:talkback] AndroidManifest.xml:193:13-52
180
181        <!-- Gesture Change Notification Activity -->
182        <activity
182-->[:talkback] AndroidManifest.xml:196:9-205:20
183            android:name="com.google.android.accessibility.talkback.preference.GestureChangeNotificationActivity"
183-->[:talkback] AndroidManifest.xml:197:13-114
184            android:directBootAware="true"
184-->[:talkback] AndroidManifest.xml:198:13-43
185            android:exported="true"
185-->[:talkback] AndroidManifest.xml:199:13-36
186            android:theme="@style/DialogStyle" >
186-->[:talkback] AndroidManifest.xml:200:13-47
187            <intent-filter>
187-->[:talkback] AndroidManifest.xml:202:13-204:29
188                <action android:name="android.intent.action.MAIN" />
188-->[:talkback] AndroidManifest.xml:132:17-69
188-->[:talkback] AndroidManifest.xml:132:25-66
189            </intent-filter>
190        </activity>
191
192        <!-- Notification Activity used periodically to inform the user of changes -->
193        <activity
193-->[:talkback] AndroidManifest.xml:208:9-217:20
194            android:name="com.google.android.accessibility.talkback.NotificationActivity"
194-->[:talkback] AndroidManifest.xml:209:13-90
195            android:directBootAware="true"
195-->[:talkback] AndroidManifest.xml:210:13-43
196            android:exported="true"
196-->[:talkback] AndroidManifest.xml:211:13-36
197            android:theme="@style/DialogStyle" >
197-->[:talkback] AndroidManifest.xml:212:13-47
198            <intent-filter>
198-->[:talkback] AndroidManifest.xml:202:13-204:29
199                <action android:name="android.intent.action.MAIN" />
199-->[:talkback] AndroidManifest.xml:132:17-69
199-->[:talkback] AndroidManifest.xml:132:25-66
200            </intent-filter>
201        </activity>
202
203        <!-- Content provider for custom label data -->
204        <provider
204-->[:talkback] AndroidManifest.xml:220:9-224:39
205            android:name="com.google.android.accessibility.talkback.labeling.LabelProvider"
205-->[:talkback] AndroidManifest.xml:221:13-92
206            android:authorities="group11.bluebird.providers.LabelProvider"
206-->[:talkback] AndroidManifest.xml:222:13-75
207            android:directBootAware="true"
207-->[:talkback] AndroidManifest.xml:223:13-43
208            android:exported="true" />
208-->[:talkback] AndroidManifest.xml:224:13-36
209        <provider
209-->[:talkback] AndroidManifest.xml:225:9-233:20
210            android:name="androidx.core.content.FileProvider"
210-->[:talkback] AndroidManifest.xml:226:13-62
211            android:authorities="group11.bluebird.providers.FileProvider"
211-->[:talkback] AndroidManifest.xml:227:13-74
212            android:exported="false"
212-->[:talkback] AndroidManifest.xml:228:13-37
213            android:grantUriPermissions="true" >
213-->[:talkback] AndroidManifest.xml:229:13-47
214            <meta-data
214-->[:talkback] AndroidManifest.xml:230:13-232:54
215                android:name="android.support.FILE_PROVIDER_PATHS"
215-->[:talkback] AndroidManifest.xml:231:17-67
216                android:resource="@xml/file_paths" />
216-->[:talkback] AndroidManifest.xml:232:17-51
217        </provider>
218
219        <meta-data
219-->[:talkback] AndroidManifest.xml:235:9-237:58
220            android:name="support_lift_to_type"
220-->[:talkback] AndroidManifest.xml:236:13-48
221            android:value="@bool/support_lift_to_type" />
221-->[:talkback] AndroidManifest.xml:237:13-55
222        <meta-data
222-->[:talkback] AndroidManifest.xml:238:9-240:35
223            android:name="com.google.mlkit.vision.DEPENDENCIES"
223-->[:talkback] AndroidManifest.xml:239:13-64
224            android:value="ocr" />
224-->[:talkback] AndroidManifest.xml:240:13-32
225
226        <service
226-->[:brailleime] AndroidManifest.xml:14:9-28:19
227            android:name="com.google.android.accessibility.brailleime.BrailleIme"
227-->[:brailleime] AndroidManifest.xml:15:13-82
228            android:directBootAware="true"
228-->[:brailleime] AndroidManifest.xml:16:13-43
229            android:enabled="false"
229-->[:brailleime] AndroidManifest.xml:17:13-36
230            android:exported="true"
230-->[:brailleime] AndroidManifest.xml:18:13-36
231            android:label="@string/braille_ime_service_name"
231-->[:brailleime] AndroidManifest.xml:19:13-61
232            android:permission="android.permission.BIND_INPUT_METHOD" >
232-->[:brailleime] AndroidManifest.xml:20:13-70
233            <intent-filter>
233-->[:brailleime] AndroidManifest.xml:21:13-23:29
234                <action android:name="android.view.InputMethod" />
234-->[:brailleime] AndroidManifest.xml:22:17-67
234-->[:brailleime] AndroidManifest.xml:22:25-64
235            </intent-filter>
236
237            <meta-data
237-->[:brailleime] AndroidManifest.xml:25:13-27:55
238                android:name="android.view.im"
238-->[:brailleime] AndroidManifest.xml:26:17-47
239                android:resource="@xml/braille_ime" />
239-->[:brailleime] AndroidManifest.xml:27:17-52
240        </service>
241
242        <activity
242-->[:brailleime] AndroidManifest.xml:30:9-44:20
243            android:name="com.google.android.accessibility.brailleime.settings.BrailleImePreferencesActivity"
243-->[:brailleime] AndroidManifest.xml:31:13-110
244            android:configChanges="orientation|screenSize"
244-->[:brailleime] AndroidManifest.xml:32:13-59
245            android:exported="true"
245-->[:brailleime] AndroidManifest.xml:33:13-36
246            android:label="@string/braille_keyboard"
246-->[:brailleime] AndroidManifest.xml:34:13-53
247            android:launchMode="singleTop"
247-->[:brailleime] AndroidManifest.xml:35:13-43
248            android:taskAffinity="com.google.android.accessibility.talkback.SettingsAffinity"
248-->[:brailleime] AndroidManifest.xml:36:13-94
249            android:theme="@style/SettingsTheme" >
249-->[:brailleime] AndroidManifest.xml:37:13-49
250            <intent-filter>
250-->[:brailleime] AndroidManifest.xml:39:13-43:29
251                <action android:name=".BrailleImePreferencesActivity" />
252
253                <category android:name="android.intent.category.DEFAULT" />
253-->[:talkback] AndroidManifest.xml:89:17-76
253-->[:talkback] AndroidManifest.xml:89:27-73
254            </intent-filter>
255        </activity>
256
257        <receiver
257-->[:brailleime] AndroidManifest.xml:46:9-53:20
258            android:name="com.google.android.accessibility.brailleime.MyPackageReplacedReceiver"
258-->[:brailleime] AndroidManifest.xml:47:13-97
259            android:enabled="true"
259-->[:brailleime] AndroidManifest.xml:48:13-35
260            android:exported="true" >
260-->[:brailleime] AndroidManifest.xml:49:13-36
261            <intent-filter>
261-->[:brailleime] AndroidManifest.xml:50:13-52:29
262                <action android:name="android.intent.action.MY_PACKAGE_REPLACED" />
262-->[:brailleime] AndroidManifest.xml:51:17-84
262-->[:brailleime] AndroidManifest.xml:51:25-81
263            </intent-filter>
264        </receiver> <!-- The activities will be merged into the manifest of the hosting app. -->
265        <activity
265-->[com.google.android.play:core:1.10.3] AndroidManifest.xml:18:9-24:45
266            android:name="com.google.android.play.core.missingsplits.PlayCoreMissingSplitsActivity"
266-->[com.google.android.play:core:1.10.3] AndroidManifest.xml:19:13-100
267            android:enabled="false"
267-->[com.google.android.play:core:1.10.3] AndroidManifest.xml:20:13-36
268            android:exported="false"
268-->[com.google.android.play:core:1.10.3] AndroidManifest.xml:21:13-37
269            android:launchMode="singleInstance"
269-->[com.google.android.play:core:1.10.3] AndroidManifest.xml:22:13-48
270            android:process=":playcore_missing_splits_activity"
270-->[com.google.android.play:core:1.10.3] AndroidManifest.xml:23:13-64
271            android:stateNotNeeded="true" />
271-->[com.google.android.play:core:1.10.3] AndroidManifest.xml:24:13-42
272        <activity
272-->[com.google.android.play:core:1.10.3] AndroidManifest.xml:25:9-29:65
273            android:name="com.google.android.play.core.common.PlayCoreDialogWrapperActivity"
273-->[com.google.android.play:core:1.10.3] AndroidManifest.xml:26:13-93
274            android:exported="false"
274-->[com.google.android.play:core:1.10.3] AndroidManifest.xml:27:13-37
275            android:stateNotNeeded="true"
275-->[com.google.android.play:core:1.10.3] AndroidManifest.xml:28:13-42
276            android:theme="@style/Theme.PlayCore.Transparent" /> <!-- The services will be merged into the manifest of the hosting app. -->
276-->[com.google.android.play:core:1.10.3] AndroidManifest.xml:29:13-62
277        <service
277-->[com.google.android.play:core:1.10.3] AndroidManifest.xml:32:9-39:19
278            android:name="com.google.android.play.core.assetpacks.AssetPackExtractionService"
278-->[com.google.android.play:core:1.10.3] AndroidManifest.xml:33:13-94
279            android:enabled="false"
279-->[com.google.android.play:core:1.10.3] AndroidManifest.xml:34:13-36
280            android:exported="true" >
280-->[com.google.android.play:core:1.10.3] AndroidManifest.xml:35:13-36
281            <meta-data
281-->[com.google.android.play:core:1.10.3] AndroidManifest.xml:36:13-38:41
282                android:name="com.google.android.play.core.assetpacks.versionCode"
282-->[com.google.android.play:core:1.10.3] AndroidManifest.xml:37:17-83
283                android:value="11003" />
283-->[com.google.android.play:core:1.10.3] AndroidManifest.xml:38:17-38
284        </service>
285        <service
285-->[com.google.android.play:core:1.10.3] AndroidManifest.xml:40:9-43:40
286            android:name="com.google.android.play.core.assetpacks.ExtractionForegroundService"
286-->[com.google.android.play:core:1.10.3] AndroidManifest.xml:41:13-95
287            android:enabled="false"
287-->[com.google.android.play:core:1.10.3] AndroidManifest.xml:42:13-36
288            android:exported="false" />
288-->[com.google.android.play:core:1.10.3] AndroidManifest.xml:43:13-37
289
290        <uses-library
290-->[com.google.android.support:wearable:2.8.1] AndroidManifest.xml:10:9-12:40
291            android:name="com.google.android.wearable"
291-->[com.google.android.support:wearable:2.8.1] AndroidManifest.xml:11:13-55
292            android:required="false" />
292-->[com.google.android.support:wearable:2.8.1] AndroidManifest.xml:12:13-37
293
294        <service
294-->[com.google.android.gms:play-services-mlkit-text-recognition-common:19.0.0] AndroidManifest.xml:9:9-15:19
295            android:name="com.google.mlkit.common.internal.MlKitComponentDiscoveryService"
295-->[com.google.android.gms:play-services-mlkit-text-recognition-common:19.0.0] AndroidManifest.xml:10:13-91
296            android:directBootAware="true"
296-->[com.google.mlkit:common:18.8.0] AndroidManifest.xml:17:13-43
297            android:exported="false" >
297-->[com.google.android.gms:play-services-mlkit-text-recognition-common:19.0.0] AndroidManifest.xml:11:13-37
298            <meta-data
298-->[com.google.android.gms:play-services-mlkit-text-recognition-common:19.0.0] AndroidManifest.xml:12:13-14:85
299                android:name="com.google.firebase.components:com.google.mlkit.vision.text.internal.TextRegistrar"
299-->[com.google.android.gms:play-services-mlkit-text-recognition-common:19.0.0] AndroidManifest.xml:13:17-114
300                android:value="com.google.firebase.components.ComponentRegistrar" />
300-->[com.google.android.gms:play-services-mlkit-text-recognition-common:19.0.0] AndroidManifest.xml:14:17-82
301            <meta-data
301-->[com.google.mlkit:vision-common:17.3.0] AndroidManifest.xml:12:13-14:85
302                android:name="com.google.firebase.components:com.google.mlkit.vision.common.internal.VisionCommonRegistrar"
302-->[com.google.mlkit:vision-common:17.3.0] AndroidManifest.xml:13:17-124
303                android:value="com.google.firebase.components.ComponentRegistrar" />
303-->[com.google.mlkit:vision-common:17.3.0] AndroidManifest.xml:14:17-82
304            <meta-data
304-->[com.google.mlkit:common:18.8.0] AndroidManifest.xml:20:13-22:85
305                android:name="com.google.firebase.components:com.google.mlkit.common.internal.CommonComponentRegistrar"
305-->[com.google.mlkit:common:18.8.0] AndroidManifest.xml:21:17-120
306                android:value="com.google.firebase.components.ComponentRegistrar" />
306-->[com.google.mlkit:common:18.8.0] AndroidManifest.xml:22:17-82
307        </service>
308
309        <provider
309-->[com.google.mlkit:common:18.8.0] AndroidManifest.xml:9:9-13:38
310            android:name="com.google.mlkit.common.internal.MlKitInitProvider"
310-->[com.google.mlkit:common:18.8.0] AndroidManifest.xml:10:13-78
311            android:authorities="group11.bluebird.mlkitinitprovider"
311-->[com.google.mlkit:common:18.8.0] AndroidManifest.xml:11:13-69
312            android:exported="false"
312-->[com.google.mlkit:common:18.8.0] AndroidManifest.xml:12:13-37
313            android:initOrder="99" />
313-->[com.google.mlkit:common:18.8.0] AndroidManifest.xml:13:13-35
314
315        <activity
315-->[com.google.android.gms:play-services-base:18.1.0] AndroidManifest.xml:20:9-22:45
316            android:name="com.google.android.gms.common.api.GoogleApiActivity"
316-->[com.google.android.gms:play-services-base:18.1.0] AndroidManifest.xml:20:19-85
317            android:exported="false"
317-->[com.google.android.gms:play-services-base:18.1.0] AndroidManifest.xml:22:19-43
318            android:theme="@android:style/Theme.Translucent.NoTitleBar" />
318-->[com.google.android.gms:play-services-base:18.1.0] AndroidManifest.xml:21:19-78
319
320        <meta-data